Arguments: 
  /usr/bin/nodejs /usr/bin/yarn add webpack@2.1.0-beta.25

PATH: 
  /usr/local/sbin:/usr/local/bin:/usr/sbin:/usr/bin:/sbin:/bin:/usr/games:/usr/local/games:/mnt/c/Program Files/NVIDIA GPU Computing Toolkit/CUDA/v8.0/bin:/mnt/c/Program Files/NVIDIA GPU Computing Toolkit/CUDA/v8.0/libnvvp:/mnt/c/ProgramData/Oracle/Java/javapath:/mnt/c/Windows/System32:/mnt/c/Windows:/mnt/c/Windows/System32/wbem:/mnt/c/Windows/System32/WindowsPowerShell/v1.0:/mnt/c/Program Files (x86)/Yarn/bin:/mnt/c/Program Files/nodejs:/mnt/c/Program Files (x86)/Windows Kits/8.1/Windows Performance Toolkit:/mnt/c/Program Files/Microsoft SQL Server/120/Tools/Binn:/mnt/c/Users/Adriano/Anaconda3:/mnt/c/Users/Adriano/Anaconda3/Scripts:/mnt/c/Users/Adriano/Anaconda3/Library/bin:/mnt/c/Users/Adriano/AppData/Local/Microsoft/WindowsApps:/mnt/c/Program Files/CMake/bin:/mnt/c/Users/Adriano/AppData/Roaming/npm:/mnt/c/Program Files/Docker Toolbox:/mnt/c/Python34/DLLs:/mnt/c/Program Files/Git/cmd:/mnt/c/Program Files (x86)/MSBuild/14.0/Bin:/mnt/c/ProgramData/chocolatey/bin:/mnt/c/Program Files/Java/jdk1.8.0_112/bin:/mnt/c/Python27:/mnt/c/tools/msys64/usr/bin:/mnt/c/Program Files (x86)/vim/vim80:/mnt/c/Users/Adriano/Documents/tensorflow/tensorflow/contrib/cmake/build/protobuf/src/protobuf:/mnt/c/Program Files/NVIDIA GPU Computing Toolkit/cudnn/cuda/bin:/mnt/c/Windows/System32:/mnt/c/Windows:/mnt/c/Windows/System32/wbem:/mnt/c/Windows/System32/WindowsPowerShell/v1.0:/mnt/c/ProgramData/chocolatey/lib/msys2:/mnt/c/tools/msys64:/mnt/c/Users/Adriano/AppData/Roaming/Dashlane/4.6.3.20593/bin/Firefox_Extension/{442718d9-475e-452a-b3e1-fb1ee16b8e9f}/components:/mnt/c/Users/Adriano/AppData/Roaming/Dashlane/4.6.4.21286/bin/Firefox_Extension/{442718d9-475e-452a-b3e1-fb1ee16b8e9f}/component

Yarn version: 
  0.17.10

Node version: 
  6.9.1

Platform: 
  linux x64

npm manifest: 
  {
    "name": "playNYTimes",
    "version": "0.1.0",
    "private": true,
    "devDependencies": {
      "autoprefixer": "6.5.1",
      "babel-core": "6.17.0",
      "babel-eslint": "7.0.0",
      "babel-jest": "17.0.2",
      "babel-loader": "6.2.7",
      "babel-preset-react-app": "^2.0.0",
      "case-sensitive-paths-webpack-plugin": "1.1.4",
      "chalk": "1.1.3",
      "connect-history-api-fallback": "1.3.0",
      "cross-spawn": "4.0.2",
      "css-loader": "0.26.0",
      "detect-port": "1.0.1",
      "dotenv": "2.0.0",
      "eslint": "3.8.1",
      "eslint-config-react-app": "^0.4.0",
      "eslint-loader": "1.6.0",
      "eslint-plugin-flowtype": "2.21.0",
      "eslint-plugin-import": "2.0.1",
      "eslint-plugin-jsx-a11y": "2.2.3",
      "eslint-plugin-react": "6.4.1",
      "extract-text-webpack-plugin": "1.0.1",
      "file-loader": "0.9.0",
      "filesize": "3.3.0",
      "fs-extra": "0.30.0",
      "gzip-size": "3.0.0",
      "html-webpack-plugin": "2.24.0",
      "http-proxy-middleware": "0.17.2",
      "jest": "17.0.2",
      "json-loader": "0.5.4",
      "object-assign": "4.1.0",
      "path-exists": "2.1.0",
      "postcss-loader": "1.0.0",
      "promise": "7.1.1",
      "react-dev-utils": "^0.4.0",
      "recursive-readdir": "2.1.0",
      "strip-ansi": "3.0.1",
      "style-loader": "0.13.1",
      "url-loader": "0.5.7",
      "webpack": "1.13.2",
      "webpack-dev-server": "1.16.2",
      "webpack-manifest-plugin": "1.1.0",
      "whatwg-fetch": "1.0.0"
    },
    "dependencies": {
      "react": "^15.4.1",
      "react-dom": "^15.4.1"
    },
    "scripts": {
      "start": "node scripts/start.js",
      "build": "node scripts/build.js",
      "test": "node scripts/test.js --env=jsdom"
    },
    "jest": {
      "collectCoverageFrom": [
        "src/**/*.{js,jsx}"
      ],
      "moduleNameMapper": {
        "^.+\\.(ico|jpg|jpeg|png|gif|eot|otf|webp|svg|ttf|woff|woff2|mp4|webm|wav|mp3|m4a|aac|oga)$": "<rootDir>/config/jest/FileStub.js",
        "^.+\\.css$": "<rootDir>/config/jest/CSSStub.js"
      },
      "setupFiles": [
        "<rootDir>/config/polyfills.js"
      ],
      "testPathIgnorePatterns": [
        "<rootDir>/(build|docs|node_modules)/"
      ],
      "testEnvironment": "node"
    },
    "babel": {
      "presets": [
        "react-app"
      ]
    },
    "eslintConfig": {
      "extends": "react-app"
    }
  }

yarn manifest: 
  No manifest

Lockfile: 
  No lockfile

Trace: 
  Error: ENOENT: no such file or directory, open '/home/adriano/.cache/yarn/npm-fsevents-1.0.15-fa63f590f3c2ad91275e4972a6cea545fb0aae44/.yarn-metadata.json'
      at Error (native)
